18 216 85 294 260 15 156 174 282 50 89 48 101 10 112 154 206 94 169
20 167 0 249 148 137 290 63 213 214 271 61 160 6 25 201 205 196 256 208 132
22 180 212 259 136 273 200 129 224 28 241 146 111 140 235 5 16 223 71 262 233 84 257
19 116 296 159 150 38 113 91 29 102 239 295 27 73 42 131 98 78 155 293
23 168 275 88 162 95 285 60 79 96 128 244 207 197 237 76 119 265 145 297 126 272 173 130
22 54 75 276 227 74 245 39 204 121 11 147 90 118 139 20 266 106 30 97 1 211 151
24 34 41 8 286 246 203 58 218 18 57 21 230 172 217 68 22 190 283 287 242 176 47 229 189
16 108 103 13 56 187 254 158 191 177 269 93 138 12 228 279 240
16 87 4 7 133 198 226 188 40 202 82 253 163 81 248 250 152
20 184 164 72 161 105 125 232 277 185 236 23 70 124 238 31 55 141 46 153 149
20 99 134 24 127 107 19 53 32 284 157 86 298 114 83 292 59 194 178 52 165
18 110 80 210 263 261 122 268 209 291 255 289 280 215 186 69 49 274 183
14 299 62 171 267 281 222 64 26 3 170 219 104 231 135
11 220 193 225 258 35 115 67 251 143 9 247
11 92 144 117 195 45 264 182 252 123 77 175
10 44 166 14 243 199 142 120 37 278 2
5 109 181 51 192 100
1 43
3 66 288 270
1 17
0
0
0
0
0
0
0
0
0
0
0
0
0
0
0
0
0
0
0
0
0
0
0
0
0
0
0
0
0
0
0
0
0
0
0
0
0
0
0
0
0
0
0
0
0
0
0
0
0
0
0
0
0
0
0
0
0
0
0
0
0
0
0
0
0
0
0
0
0
0
0
0
0
0
0
0
0
0
0
0
