4 8224 6634 3539 4192
7 332 1529 5872 2990 4259 2099 9088
3 6879 1027 5707
6 3462 802 7172 9164 7211 7110
4 498 895 1319 5975
6 2132 2140 8306 4151 4931 7559
8 6764 6523 4485 7278 4497 7837 1872 1159
5 7442 1175 5036 4027 7813
4 5516 3058 5779 4887
7 4011 1533 2672 9066 5325 6419 8269
6 5562 7630 6982 7506 7992 1076
6 409 3938 476 5392 3440 418
7 2973 9254 846 8071 8859 3889 6022
9 7874 8192 1769 1763 5752 7144 664 1708 8648
6 6942 3666 9190 5091 3558 5454
4 3541 975 2573 784
16 2230 4717 8960 3550 357 6609 467 771 3982 6754 735 5468 3485 6935 3771 4841
6 7380 3760 8570 362 2249 8276
5 2718 8354 7233 9399 7623
11 8816 5351 4806 5601 9068 4798 4838 6225 6564 995 4760
11 9562 4141 1381 1671 8248 9122 6841 9551 7981 8658 4005
8 3024 5983 7124 9653 8305 6568 9756 5127
19 69 7683 3026 6034 9576 2355 7513 2541 6372 8045 5585 5277 5397 3357 3658 9332 504 1091 6890
9 7196 9763 2162 9959 1811 5745 1483 8777 5037
8 364 2947 4810 2911 3563 9253 2953 3664
7 1240 4028 2981 4532 3854 9513 1555
9 1527 1830 596 8995 907 8303 8561 6354 1360
12 4720 5719 5678 161 4958 674 4105 2065 5211 3341 5144 2318
23 1963 9116 7840 871 2108 5915 8288 8901 3924 4128 2431 8127 2834 6077 2459 63 4254 7473 324 36 1404 971 8674
20 9628 1843 2639 4065 3905 2909 2694 527 7237 1217 3299 1072 2991 6628 6510 7545 2569 8634 3890 9099
7 9636 9620 376 7263 5193 5441 9404
19 6984 5069 4639 6374 2884 659 9837 7267 1123 6622 2231 3973 154 3736 7675 8944 4548 2182 2488
8 1997 2212 6431 3018 8709 6499 446 1881
14 419 3375 1627 6480 8485 3895 3225 7258 2028 2195 6732 8409 6768 4908
15 4349 6000 4585 751 5866 8101 3622 6243 2766 3509 8721 9418 1274 6214 5549
9 4405 1146 9435 4571 4960 6256 323 1478 3084
22 3779 6430 9375 1311 4328 2898 5878 2141 2737 3077 5340 5023 5715 2960 4710 3152 3707 3577 4765 110 5618 5884
12 9485 3885 5234 8546 2082 6463 3303 8781 3716 6867 4577 4545
12 9633 6645 6009 4089 1896 9701 7654 2037 2390 5444 7157 532
18 3616 2600 1046 7808 2702 1568 7065 6830 1629 9682 9665 4187 4201 4182 4956 7181 747 1120
15 2245 3116 7534 2220 9441 9015 1037 972 94 3582 5823 7027 1607 3020 630
12 2896 4035 2585 6407 1246 6511 1440 673 3243 2968 1928 1694
8 6377 1416 7076 5258 7584 5893 9895 3711
10 2031 753 6643 156 4353 310 604 2481 3063 2223
10 8440 9549 7698 8575 4652 85 9381 9377 1744 1574
8 9586 3936 9021 2763 4837 1927 8230 6285
11 4482 7246 2732 3098 1110 4775 550 6085 4138 7526 7241
13 7430 856 9037 1441 1182 4588 9933 941 5905 9509 781 7089 1244
12 7314 35 2207 7256 1023 6142 6027 1621 3151 570 8202 8349
7 3362 7483 4264 991 174 5916 8558
16 5017 6503 8236 2751 6862 3808 9348 7549 4461 1358 6791 3109 416 9365 1156 6084
10 5991 1075 1649 4382 7886 9683 8234 8623 2816 9522
22 3544 2570 9457 3215 2602 5514 8237 5247 2153 9278 863 8992 9594 198 1678 1971 5594 3131 7084 8255 5493 5788
8 7575 5911 684 8565 2965 1623 9201 6626
14 780 9314 233 2129 8656 5904 3756 701 7047 2708 4175 3728 5030 4193
13 2495 483 3789 9678 2126 353 4147 275 4329 2974 3769 9398 6586
9 5282 210 1913 5241 930 4130 4278 1376 5828
10 271 9813 4507 9954 528 5355 1919 8461 5542 5275
21 2425 9289 9273 5962 9526 1692 3498 3561 5527 3339 3123 8993 9939 3266 2398 9363 6267 7240 5759 8756 1216
14 9297 2992 5303 4659 7856 4331 2866 6429 3598 45 9415 9745 1659 3934
11 3566 4764 9972 9458 934 4907 9823 4550 5268 26 9824
15 328 4833 7648 4048 9574 4125 1747 4569 6679 7328 787 6661 5119 6227 7851
12 9602 5748 9349 3154 1310 7195 6590 4974 4946 1706 7979 9243
12 1778 4515 8334 800 1525 449 4621 4681 3074 9437 6388 2487
21 2780 6186 378 3970 7216 7697 4939 2935 9114 8590 3573 4682 279 3841 125 4025 1373 9605 4500 653 750
14 3991 3602 2934 2181 3721 4034 3434 4244 8871 9987 7147 7244 393 4178
13 4467 9321 8268 3593 6692 9943 213 4102 331 5109 858 3804 8365
21 9002 4139 896 5838 4195 9896 9319 7296 4825 1551 9547 3446 8252 2619 158 8457 885 3240 8880 4108 9719
12 9613 8298 7933 8062 979 215 202 9085 4489 8009 6583 4599
22 3875 57 4409 5628 4300 1859 1710 2846 5901 2670 9658 5565 9092 1535 7439 8172 4581 6781 6992 2795 3048 4095
20 984 9033 3102 6587 7014 350 9583 293 2299 4874 7273 6282 7925 6328 8117 1103 3268 6194 8964 8124
10 9495 3557 2937 4099 2275 7829 4767 4675 1844 4425
13 6004 6327 4587 3082 9846 3165 7081 5879 1639 5306 8605 7667 1089
8 3245 7329 5890 1804 306 6847 983 5035
16 9543 6718 5566 3594 6101 9165 2377 7466 8664 5289 8027 5073 9022 3340 5780 1713
21 6420 5158 2653 2362 4552 1309 8533 3782 5041 5532 1834 5537 6940 4730 8362 9708 7480 7023 9115 4142 6964
8 519 768 8670 1748 5122 2175 8169 5592
12 7249 6550 8795 3194 9232 2412 1836 7012 5346 3301 6010 9525
8 4575 209 3614 1921 5919 1155 3809 7304
21 6029 9680 1729 1835 2857 9222 8610 777 8627 9421 8745 433 1235 7635 253 9730 3519 6166 8751 5961 4474
12 150 5686 7193 529 767 872 363 344 1036 2469 3125 8267
20 8835 6012 4658 633 1436 8851 8857 3534 9136 1471 1065 9244 3511 7107 2405 2331 6310 6878 7242 5775
9 7585 3426 9483 8513 42 4438 3670 605 2650
14 8274 7574 1550 7710 9410 5557 7361 6800 4642 8547 3174 9103 7990 5190
10 1386 2686 657 115 7903 3173 4840 4947 4420 1426
12 9815 6498 8173 2368 4528 3955 9518 1397 5418 2069 9126 9794
19 8419 6575 5287 5045 1257 3421 7145 6389 5143 7707 8284 8115 3374 5165 1957 5781 5797 143 391
22 7690 1465 9538 8642 9364 6331 2565 4314 6519 4964 728 2684 2142 3912 2256 4053 4524 4612 642 2987 5461 3378
16 168 5711 1902 4366 4819 2977 8692 4591 3893 1918 6947 3296 5492 4680 3911 9443
10 9744 3325 8228 4006 2485 2582 7596 7029 6766 1258
13 2899 892 7406 128 435 1430 252 7613 8286 5215 2158 226 8594
23 2399 6413 9450 1647 6705 1324 6719 1864 286 3584 3597 3186 6983 6816 1668 260 5220 288 6812 7031 5912 9308 54
21 1955 7243 1252 7922 9710 6247 40 8638 857 7866 5473 9784 3 9880 7137 6286 2336 2553 2022 4492 5784
11 3654 4163 387 2804 6866 9006 3661 9643 8997 5561 3713
11 3475 1685 225 7777 97 7122 2088 9501 4402 7450 9922
21 6536 9557 9477 8367 1250 9964 4433 8511 320 3316 6772 6366 5032 7510 7653 1171 3004 6432 1205 1764 603
17 1863 9497 629 2415 6106 9607 5083 7024 4429 4852 8471 5186 8975 3944 960 6792 1878
15 3409 1874 4689 9167 8293 4330 6820 6774 1964 7853 9181 9958 6079 5339 5333
19 245 7248 4016 8791 354 8938 5100 118 1589 4787 1389 1695 3913 7331 9946 2378 1925 5505 5331
19 1335 5299 2356 8175 2432 88 7475 9976 672 4494 9409 7561 6512 3949 9833 2966 2054 9644 8345
21 7666 4782 9130 4017 8263 3843 9438 7749 4096 5262 5391 3141 8576 2611 4152 6347 9807 5115 6050 7828 3954
18 507 7682 5279 9478 21 9247 1783 8025 2017 3828 9870 6219 6180 8757 5643 1484 9599 1185
22 9805 655 511 3502 9242 1494 9505 1048 9482 9810 8767 3907 3416 1154 5168 6906 2282 2367 6577 8322 2750 9203
11 6875 3017 7444 7125 9863 1806 6126 6860 6837 4448 5412
14 3891 1002 3722 582 1756 7259 3212 7130 5019 450 1183 7517 5084 7348
11 9874 2497 6392 2041 7232 6182 7684 6006 4902 9275 7760
23 6360 6567 5674 64 1862 1101 8686 8801 3432 4486 6939 3222 9917 7351 1857 4597 2215 3091 4598 4427 1526 1080 7349
14 873 3436 3672 5140 7790 3962 2950 8689 5681 3195 4176 4513 1400 1385
10 8979 2957 41 3632 4869 8530 6648 8116 5553 2486
17 8203 2657 2717 7924 779 7823 5583 1741 2740 5810 8969 6224 2701 5677 6230 4239 479
12 533 7174 4880 7558 6850 8063 5172 1914 8917 6655 3406 5969
20 8573 7876 6856 5650 292 8151 5914 6138 7077 639 2501 6415 9706 2956 8010 5747 3419 6611 2202 4795
23 8786 4246 4050 5240 8079 6601 5409 5260 8229 7120 9155 3925 683 8291 7879 8049 4280 9732 1616 3642 8084 2255 5873
14 3866 1986 4613 7494 4986 772 5809 4301 8828 625 4216 8405 706 6330
6 7347 2729 8705 1501 5733 2430
19 6053 4153 5602 2352 6398 6814 5043 7745 8245 1967 4204 2345 3323 1854 5805 968 5022 8839 336
11 1530 4661 1221 5212 7662 5437 516 6515 8478 3001 7767
17 4059 1138 1867 311 9981 3117 1325 508 7271 121 9911 1096 7305 3039 5364 1624 8738
19 7465 3108 9735 5830 553 3507 3877 6908 1870 9867 7914 9835 803 745 2283 4737 2347 4488 840
14 5500 7372 2783 1797 908 8160 893 8551 2375 7502 3574 8571 3956 3153
12 6252 1560 6002 4008 3307 2741 6270 6313 2394 2011 4971 6104
15 9503 9926 7567 3565 3807 2217 7595 9019 7521 6790 9170 609 5936 1732 452
13 199 1873 3112 5433 4326 3623 6197 1061 7291 3144 3171 2120 3324
18 1223 9104 3783 9419 66 3513 5087 8500 2645 7091 9462 8437 3161 347 6651 4991 7038 2853
5 4761 3966 6076 2288 8330
14 1414 5743 8629 368 1198 7392 5519 5801 2478 2721 184 7095 2499 2038
8 5971 5387 1651 1421 8088 1654 5607 9312
23 8198 3105 417 3398 7732 1738 4045 7515 7724 342 2835 4378 9270 9225 4985 7352 875 3935 2980 478 2872 548 9069
20 8978 4299 2112 7692 1565 1725 6426 3372 912 1592 5523 9407 946 3979 3013 6055 2149 4015 4923 7185
19 1177 6425 7668 7438 7988 4924 9734 2722 9779 8431 2109 6829 7292 6174 8347 4579 6144 2342 6371
20 4673 3554 849 559 7344 4776 4677 355 4121 1513 5958 6540 3331 4322 7447 1214 7332 9413 165 8818
18 4657 6927 9276 4636 9624 9219 6146 744 1314 7735 9748 8697 7280 9715 4672 3350 6723 9417
21 3972 3433 4872 3258 1930 6684 6726 2437 1345 3052 3101 2062 9902 3738 5921 7897 8776 5 8769 229 9885
10 6771 982 422 8806 1475 1282 319 3070 2151 6527
9 1135 7971 2607 3761 8064 4272 1953 4316 9739
23 5359 7546 1994 3445 8035 1721 9980 280 6987 4426 2498 3894 7750 8872 9337 7505 5925 2789 8680 7345 6555 5832 6687
14 9685 6455 5205 6711 5712 3453 1215 6589 461 8945 9881 8502 6641 2758
19 497 8854 3169 2314 1297 4561 5556 6042 510 3438 2150 7299 503 2575 2723 5609 4757 4600 3035
21 7000 2635 9492 6647 4944 7221 4224 194 8903 7588 6763 5183 2560 9725 8651 9258 5177 3094 4926 4215 6278
25 4154 1723 5539 5263 3958 8597 2187 1098 5967 8182 2078 7394 8748 9816 8833 3968 7071 7486 6666 8846 192 1661 1347 1540 6693
6 9579 2648 1934 3610 6488 8563
26 1326 8796 8955 2105 7816 4834 3157 7407 3127 4711 4851 5587 1402 6513 8817 9080 8258 3353 7155 1632 3587 9174 9063 4751 1153 4399
9 4788 9733 3249 739 6199 2736 5419 9674 3503
20 5285 956 8614 5187 6537 8737 244 9652 4892 2042 9026 1307 7101 1450 6776 3389 8734 3998 1760 8633
10 3647 6793 5154 6047 1818 6948 4165 3244 8221 3897
13 8351 3816 8219 1102 8176 4503 6832 865 6223 724 4843 9722 5226
19 6547 7034 4854 6971 6188 6746 8159 2373 3282 8693 2762 512 3508 5448 4514 9802 5826 1936 3504
23 9806 7236 9804 7253 1613 4699 2035 9238 6839 3463 9778 6888 1394 9444 1761 4903 8250 2700 2739 7930 75 571 4116
26 6128 4115 3370 4007 8951 7387 9248 4236 1960 2 1980 3115 6799 239 7286 3748 7353 4521 6469 50 80 7852 574 2855 7053 9206
25 318 208 8259 9265 2505 462 4117 7414 5768 3356 3699 232 4805 4878 5552 2903 227 2757 7449 1321 9279 7845 7126 7980 3941
18 4875 4629 1415 2842 4802 4002 6625 6873 8601 9185 7177 5763 4740 9699 681 1895 2258 5842
23 428 4558 1601 8831 7759 7411 643 4594 536 8007 575 4443 6116 22 7531 8360 6483 3777 850 7378 1703 631 8497
18 6403 2695 7463 9752 8731 6261 6272 5050 8030 1331 9858 9812 3981 163 395 953 8775 2563
18 8338 3411 4410 3047 8194 2652 4347 8316 1981 4012 3625 6326 5292 4430 4915 2365 727 5573
19 8448 266 2180 5375 3326 6737 9817 852 122 5704 7298 1145 6129 9017 1361 1268 651 2002 6011
11 9901 3049 1605 2538 8967 9798 9212 7832 1011 2873 6400
23 8285 6316 8772 5291 6967 3439 7569 7931 8926 501 6974 9355 6897 9630 1770 309 5164 287 2083 7639 3407 7589 2658
18 9137 4352 2330 5534 4104 2241 6722 4358 9490 1988 7939 4715 6543 9961 5930 3662 954 1288
15 113 3546 817 3208 5487 7779 1330 2206 8659 2359 517 2204 9431 5696 7
21 9109 2178 7010 8869 9077 3862 8444 10 5004 6833 8750 1042 6608 634 2524 6787 1712 6049 2929 8611 4129
8 7612 9052 7319 6003 6058 2982 2660 3158
23 1689 697 9030 4705 6446 4318 1349 9177 8617 3228 5700 9000 2601 7341 3443 561 3689 1933 3379 5789 2454 5286 3884
16 7993 2512 3601 5540 6842 4137 5371 6682 6785 809 999 4468 5741 1906 7844 2617
25 9191 2681 248 135 4703 9951 7382 4645 8595 189 9303 8826 5486 8624 7587 714 1714 2364 8476 1719 9957 7995 8417 1615 4277
13 2738 4428 8323 1030 9012 6125 1201 2952 2900 4123 1521 5465 6190
18 8823 665 1460 4450 3155 8864 2402 3163 8599 1666 4917 4738 9468 3192 6487 6355 573 3950
23 3830 5182 9464 3732 6336 9731 2558 1117 2057 6059 7757 8933 7260 6707 8390 8525 7541 5288 5736 2475 2638 7625 2307
24 2748 2742 1218 2537 1792 2250 100 9429 2661 8909 5782 6864 1871 83 543 5694 4890 7018 940 654 8966 6229 6690 6492
18 1674 9627 4980 6021 6173 9394 2790 6925 384 7205 8177 3045 6604 1289 6588 2226 5363 6623
23 3910 1640 5668 9182 1587 3290 4327 9133 9912 30 7900 4394 7004 774 689 9879 6629 8593 8841 3178 7571 6988 5010
19 5517 212 7579 7019 2045 5792 5074 5201 9508 6713 6678 9460 6325 5217 7932 6759 132 207 5726
23 8548 6765 7085 2577 8504 46 1583 5014 4638 897 5635 2599 4060 2850 5484 5739 3960 2733 9204 8592 2666 1704 4755
10 3457 6418 9405 7325 5640 9428 2396 2943 6509 3076
24 902 4233 3354 9769 6352 152 475 4541 8804 1109 3203 7048 6386 4111 4628 2882 6743 692 8906 3674 964 8946 4771 888
20 789 9011 6563 7092 2696 9684 9357 5550 2907 6848 9328 2281 412 4033 2268 2532 4950 5754 9591 7168
21 2440 656 3879 7901 2817 3122 7562 5323 3476 3547 5976 4979 5167 2768 9416 1167 2517 1049 3206 6760 3733
11 3263 5663 2442 823 1263 6744 2854 1690 600 7706 923
16 5777 2167 2464 7636 5701 9272 1259 3278 1590 9292 5600 4388 5166 1885 7875 8047
19 7097 1686 380 3609 2164 6134 7384 1876 304 8591 9988 6858 5862 5052 116 1265 577 2199 4325
19 1186 146 6989 6716 9612 408 1411 4549 9237 2413 9422 2047 7838 3217 5703 466 4972 8235 8925
22 9631 1777 607 2984 7812 352 6103 6883 4718 7650 928 537 6996 7871 3521 2500 8050 3385 6553 5774 6624 3456
19 6901 7070 5445 2883 9305 5324 6381 6706 5717 3366 881 5913 9539 7907 9822 3694 8126 6444 1507
26 8382 7557 381 5428 2771 9570 843 8296 7488 8807 754 618 4279 90 5734 2068 4565 7966 2242 1548 2616 5319 1238 5918 4640 757
30 7287 8020 5060 9401 2401 5699 3915 6615 169 7364 1443 3648 9632 2393 2548 1431 1012 2526 151 4440 8475 2340 9091 53 1351 5645 5490 5270 9119 6524
14 3578 5847 254 2395 5031 2156 2040 9001 8911 4009 1435 4898 1740 3517
12 8157 4107 4493 3315 3469 9322 3753 9205 4942 9709 4746 3088
14 2559 5716 4829 5679 4491 2023 1679 9240 5026 776 103 4067 5002 361
21 1630 9128 166 2915 5887 5756 241 7239 2693 6437 6699 1255 3121 2633 909 1850 2749 4674 6464 5633 5110
13 6039 6865 7830 1393 3673 9143 4625 8031 2189 1291 1824 9616 973
13 8204 6502 3358 3757 4893 6240 9843 5249 6617 8197 1901 1164 7371
20 4228 4029 4171 8523 7729 6932 2052 8741 6423 4136 5981 5502 3397 6801 7396 5772 3581 7426 764 3626
22 8758 1908 6742 1491 8034 6638 5766 4593 7135 2802 2291 1937 7037 1179 9073 9379 959 1383 366 9955 6339 8012
16 2026 1869 8915 2338 671 9923 3364 1985 3429 5608 9038 4821 8814 4317 9323 2820
9 3149 3239 7227 1283 134 4265 8863 4578 3545
21 1528 9020 6662 109 2123 8370 2904 4064 6749 4520 5481 8428 8136 2438 7620 7560 1296 5098 1974 4631 8887
24 1315 2949 7928 84 1543 2571 3869 2465 3442 5300 4245 645 1294 2613 5622 8695 4400 2810 9440 2388 5910 5373 7288 9005
22 4285 3191 2077 8112 4862 3793 3930 7234 3997 15 5559 2805 3139 686 3391 5984 9372 628 7514 8455 9615 7688
3 7716 67 7972
21 8346 1655 9743 6538 2776 1537 2969 6179 365 8799 6201 688 6970 6863 7461 6928 1606 2655 9076 9032 9726
22 4959 5856 8574 8207 3680 1496 6274 2525 1193 8072 5380 6963 5692 6292 894 6823 8381 5568 7721 2097 3526 1829
21 448 8085 5656 1079 4713 369 4113 8494 3308 1591 4698 6442 8359 3437 815 8805 1270 7892 5142 9178 7756
28 2788 5049 502 6710 4396 1106 6809 5170 178 7301 9496 5076 1561 7712 6571 4266 2228 6064 924 5651 7326 6733 1566 3352 8810 1890 3344 7997
22 9702 7785 9889 9561 6659 6393 7998 8963 5442 9498 8549 1050 214 9828 8584 2678 4081 7050 593 8714 8723 623
9 9216 1563 3729 3963 1819 5385 129 3455 7302
14 9913 474 5868 6689 6815 8950 7665 9647 9900 5951 454 7898 4473 7855
10 6115 8406 2176 3752 1448 7672 594 5778 7723 5175
25 3236 2641 3196 2963 661 4109 5025 6922 2916 8609 1189 106 6218 1799 7422 1584 3765 8148 5909 1236 5420 1026 139 5463 3820
24 2074 5012 9610 8671 6698 3099 4498 1791 1907 8307 8261 5472 3470 8470 7007 8673 1382 5589 6037 4240 6233 6500 2427 5588
24 7553 1697 8434 7554 8940 8379 9948 7169 7103 9623 2910 9141 6451 1199 2713 3714 6171 6083 4454 8495 3376 8522 2267 9211
17 3510 6475 5352 942 2745 9156 7176 8661 7791 2715 3027 6714 4076 3917 3312 6295 8744
17 9649 3384 6804 1267 9654 5783 102 5724 4477 6460 9226 7366 463 1922 1611 3684 4900
14 4830 9751 1346 9963 4895 6041 4453 5664 405 732 9183 6552 8432 7362
13 3740 4990 7068 8051 4685 3772 3182 9671 4232 4335 676 8812 3491
10 4058 8420 9698 8783 4781 2838 3202 5470 6505 6828
20 3176 9385 313 7282 4398 3133 9553 576 6708 1681 1842 2837 6778 6798 5421 1749 3878 9966 8900 8677
11 6135 1090 4184 5507 7870 8747 1884 2304 1817 6154 8036
23 6159 2626 1995 3200 4250 32 3057 2473 9655 969 1051 6680 680 1320 733 7340 1782 8060 5980 291 3497 4961 2252
20 8736 4414 6924 6068 530 5307 7882 3759 649 230 2622 9160 8793 4845 5475 9218 7400 7408 9531 8802
22 7082 9556 6255 119 830 5503 3477 300 2075 9992 8830 5305 2319 4219 5880 6167 3473 6854 539 5796 5570 3246
23 6747 5698 4794 2539 4088 5107 3993 1181 9952 4653 2630 8134 5040 1861 9983 6375 3145 1670 9318 5195 1329 3198 3223
10 7013 2247 6277 7152 7386 1487 1152 1846 9639 7566
20 3050 4602 3663 2482 7041 444 5764 6683 4523 4789 5309 3813 5793 359 1124 4573 2727 7518 7519 5407
13 4624 1233 9634 3537 2831 5579 1595 1429 6562 7610 6730 2614 4646
28 7864 9473 5818 5746 6206 1518 9657 9065 1745 1942 4871 6379 1348 4062 5569 1392 4085 6203 2051 6712 9919 4190 5357 2433 6086 2030 2010 8972
6 7468 3635 8107 8920 9389 9448
18 8578 3901 523 138 2972 2568 4159 862 1203 6253 7935 4073 2344 3399 3234 3283 2389 4936
16 2917 769 4071 8708 3549 7499 5235 6831 9325 7190 6402 9127 4709 3940 578 3086
16 4855 920 1353 8184 6893 2954 3785 9075 1459 7727 4856 9157 2631 5117 242 8569
19 7255 6818 3906 4615 7811 584 8598 3277 2116 887 7552 5558 4694 9295 8732 264 1462 7358 4922
18 6745 3338 8220 8953 1271 1831 3710 3799 6345 9300 9754 5139 3832 3628 2545 9664 8215 1950
23 7975 5090 7323 9871 9064 4643 1553 7187 2612 4772 6462 9150 5929 2861 1342 1463 4619 1068 3481 2091 1007 1174 270
14 7108 2110 5610 4832 1264 8450 4539 9593 4547 6397 185 1990 3523 8905
9 9283 9581 1332 3540 9459 5284 4237 5274 4614
19 6198 2941 554 6912 560 1211 1523 7769 4623 2948 7872 1188 5039 7755 9994 4692 9384 8299 7160
22 8848 200 5535 1200 4404 3270 6305 4403 9062 883 5062 947 3295 3269 6953 515 9848 28 6528 5203 1092 1730
15 1984 4437 2422 5996 5636 6473 1634 7284 7599 7582 3142 4082 9663 160 2029
21 6192 565 9795 7883 6969 7191 9424 5684 4282 235 6165 2596 283 5350 8822 2003 4222 1648 3023 2579 4671
10 2166 9087 3291 4209 1598 7389 5094 11 4590 3824
20 5829 9071 2654 1644 9288 3466 196 918 5730 4770 9894 5852 7797 3916 7500 1673 7056 5989 3427 6976
16 4687 6139 6329 1024 6164 3381 9882 7680 4055 7462 9142 9697 1786 556 7976 8280
27 3773 47 5627 9949 2578 4888 8164 485 4800 3851 2234 2383 1771 8212 4043 6312 8415 72 186 7099 7786 8427 2555 2127 9791 2890 1691
16 8489 2536 9544 5189 5295 5917 5690 3532 5995 3859 7075 3700 8676 7591 7201 8499
6 1206 8815 9043 6602 278 2887
20 3951 9595 3334 8868 6119 6133 2543 847 2796 7383 9571 7016 7646 2685 4684 2895 8162 8392 3730 2704
22 3197 6740 5425 5957 4376 8768 5751 8094 7066 1338 4068 7857 816 3328 1499 7046 7106 5326 6990 1851 7590 8712
9 6031 7109 5088 2527 3465 1820 7822 9849 8540
8 734 1879 3990 3849 5214 9927 3413 3286
19 5710 2118 7102 2754 5952 7150 1539 6548 399 9941 2205 8958 6530 4754 5128 9883 9059 7771 8942
24 7429 4742 700 423 8518 1273 9514 2720 3090 3817 3167 8187 7203 8785 1746 2360 105 7715 8014 1166 8218 7368 4783 1425
24 6189 4208 6752 1524 9575 4957 8615 4344 2072 7873 3790 8952 4784 2179 8550 698 4582 8621 2994 6846 3568 3242 262 3412
8 24 585 7318 8965 9346 6176 3359 4501
15 1970 8681 3054 708 4274 1504 8904 3267 6920 3999 2765 2756 7782 7063 6090
16 9670 3527 6110 9306 9316 3786 9487 782 7464 3750 8108 7529 581 8015 5687 6314
10 372 3103 7799 8227 6231 9767 2443 5597 914 8013
13 4214 6656 1512 7451 9412 1564 1399 4660 9193 2197 2294 195 5399
8 5885 8342 7810 7948 9231 4459 4218 3630
21 7020 8713 5954 1580 4101 7663 775 7679 6596 1470 9694 5134 4038 3847 8961 261 5577 7377 5401 2752 3927
20 730 95 267 7208 660 9842 1631 2406 5564 6056 3135 2959 8492 6262 589 5271 9688 8845 8340 5414
5 222 445 2507 2297 2053
21 2436 965 9286 1503 3036 5135 5169 2407 2366 8918 3556 9361 8650 1781 1058 3980 752 4945 3059 8885 2521
14 8711 4449 1176 5256 6898 4014 5163 7149 9378 2341 9113 7944 3660 9914
7 6321 3211 2931 7547 153 6773 9049
18 8102 1407 6123 9985 8991 8128 5495 2160 2386 9101 7576 2107 6757 1004 716 6238 2936 632
10 7862 1949 552 8190 8585 4965 7453 4442 3010 5877
10 8890 9962 546 6094 2906 9741 9667 3031 3595 1905
18 4679 9140 3542 4749 7548 6762 9392 7761 1458 7805 7532 5770 9074 4456 8097 1395 2139 3484
16 4877 6457 1635 4194 2566 2216 1222 6584 8876 2240 3230 6891 6204 974 6249 4191
19 1 8937 5837 1768 2174 8691 7949 2309 6290 7220 5259 1516 6102 6205 4512 7330 2381 829 2620
25 8586 6304 4630 3083 2967 3051 8353 374 8827 7493 9433 2829 9790 5210 9333 5042 740 5313 8811 414 9862 4333 1056 4341 2363
15 1992 8292 4309 6466 5440 9707 5335 4090 1105 7275 8058 1292 5630 936 2358
22 7373 4940 8742 2404 7456 4969 7564 4559 282 7807 7626 4217 9456 4144 5966 8436 7652 3355 7336 3019 1333 1858
9 2278 7849 666 6582 6067 7080 2760 5708 6591
15 4984 5113 1973 7614 8620 8481 5314 6038 5529 9727 6130 7419 8006 6545 6869
21 6735 5377 3842 6438 1557 9138 8667 1709 6642 2021 1396 518 8749 4881 5943 5349 6175 451 3383 4678 6632
10 541 7640 2418 5155 9230 7132 6281 4188 6995 6675
21 8447 8254 7277 6652 617 4605 8694 3909 1891 8534 1424 9330 8516 4407 8881 6697 2871 2894 7295 1249 9932
12 5620 2333 986 7730 6082 9408 7316 4019 612 9376 3487 1000
16 7913 5662 6639 3393 7941 4696 867 397 8312 1417 9592 2370 5389 78 6226 1293
10 6663 2384 4617 4858 5221 8026 6301 4701 3959 7615
5 8773 3696 8895 7105 8046
12 3471 3321 7940 6880 2452 6926 5104 7538 1116 4982 4925 7264
13 1178 4078 8640 4758 1281 1474 8665 9742 3227 5033 3305 3505 6775
7 9449 211 9044 9541 7718 7189 6934
16 6529 3596 7210 277 7637 9696 9947 98 9179 6399 8800 3499 1067 8927 2868 3087
18 8792 2881 9511 611 5799 5124 636 2444 624 6452 1034 6945 9755 3801 6145 4118 1083 7281
12 3311 499 5250 9474 6806 4608 9083 7798 2087 470 8704 3081
24 4511 4255 7737 5511 1667 992 5853 6422 5803 3675 3731 4072 8988 3454 3645 3404 5097 4535 1125 985 3452 2155 2493 925
22 5654 8328 2649 6703 6023 7535 2453 7915 7045 8491 7525 5317 126 6043 356 5396 2186 1025 5595 6691 2858 7204
15 3147 6297 3044 6751 2248 4221 8105 2561 4168 4464 8729 9597 6637 2615 1107
26 4839 6783 9393 2920 1066 677 3607 2735 6822 549 6541 3119 4555 5366 2076 9234 2667 3247 9028 2095 9516 1391 281 6769 4747 8669
14 720 7867 9345 8421 8882 4664 2260 5070 2272 6036 6824 9023 1702 4941
15 5892 4291 4544 8403 91 8970 2292 7592 2557 1071 5061 3009 6298 1538 8596
25 5875 1852 608 8040 3199 2000 8273 2665 2753 1455 6156 929 9192 3845 4667 6181 5864 6353 6486 7497 8829 7973 4252 2257 1577
18 8024 315 3092 7602 8133 3615 4024 952 1302 5709 3425 8111 3330 1187 7752 2371 8907 8684
19 3564 4644 2209 2924 6962 8028 2885 9082 808 2104 2808 9758 5191 8264 619 6014 6289 3525 8443
17 394 567 3148 6558 3459 7792 493 3921 5593 2343 4866 6566 8099 3007 8788 8753 2210
20 400 442 4733 3414 8188 1062 7778 2468 4087 133 3216 8976 5016 5482 5000 2027 743 1894 6351 5987
25 8104 3368 601 2651 6026 348 2797 1943 193 6885 7920 7490 2089 4499 6605 8688 7363 453 4919 7265 9293 2522 205 3431 60
16 8587 6404 4885 9851 4910 3188 2518 6141 6078 4371 8968 7313 7385 3448 4210 7175
18 8703 1664 8675 2828 5727 3579 1013 5510 8832 6836 439 8766 4411 4086 6306 1772 1982 7405
11 2869 9121 8662 1464 2063 2844 6105 9661 6612 5068 2824
23 55 583 7229 2589 8699 9274 7379 1422 3646 8984 2270 2515 2547 7726 2086 5670 7262 6728 238 4460 5625 1322 3000
20 3490 3605 9524 4481 1886 7043 3261 2121 538 3292 4906 4092 3796 801 9506 2004 4572 8041 5946 4022
26 9820 9347 8376 8774 9559 4225 977 6886 9564 7309 8956 509 5933 6910 7987 8916 9110 2859 4809 8242 3567 738 7032 2772 9786 44
25 3444 4150 7877 2313 7455 3826 9974 1251 1959 164 92 853 8652 403 990 1081 5844 8542 544 4773 3285 2933 257 9967 8196
21 6877 9267 7086 2036 4704 704 5374 249 9838 8150 6857 3992 1328 7021 8725 9480 1743 1567 5722 4419 1131
18 1269 2520 6756 9830 7312 8093 3420 761 3636 4607 9186 6363 3011 4032 1572 7974 8971 6667
12 4260 4537 4935 1208 4690 1840 5411 5005 7062 7743 3078 2445
19 8892 9640 172 9018 1733 2930 6956 3952 6999 4167 93 7440 3776 1767 4198 1519 6117 6525 641
15 7117 6669 6069 8989 8110 6280 7134 8018 2043 4634 402 7647 9800 4248 1339
22 6168 3947 1260 1977 5422 1232 9604 7762 1016 2439 5658 2504 7090 3763 1253 7354 3926 3318 7670 3132 1157 144
20 8189 726 7768 4686 9042 5642 9546 3530 799 2397 7793 8446 3967 5999 5171 276 7520 2354 7725 220
22 5034 2975 3129 7446 6340 9617 159 2640 9284 1433 7594 7164 5582 3213 6459 1229 8317 1618 7121 5118 5078 1575
17 273 8962 6649 7088 4546 9768 7804 3874 9584 3075 9659 4768 4075 7100 1136 8002 2090
25 3743 6913 5572 1121 482 4003 8368 3818 9159 3373 8631 4206 1299 3754 2958 1875 2901 9479 5786 5216 9162 8442 8567 7720 4817
17 9078 4807 7884 1365 4256 1779 7843 4734 7148 216 8545 4988 3351 8129 1727 1094 6960
12 7929 8728 3410 5227 9463 5480 6157 4357 4688 4518 4251 3856
17 4842 9207 4066 4536 1609 3608 4857 5619 9208 4263 1946 9302 9542 9239 3237 5575 9931
17 719 9313 6670 9847 6263 4372 2033 7479 2434 1239 8860 3062 8998 7604 1643 5176 3931
24 2316 2576 741 5222 190 7471 8566 8462 5541 1628 9738 6222 3482 4744 6081 4397 1069 4211 6443 8186 6696 2218 1720 7192
23 7114 627 1100 7927 3073 9625 2323 1762 6484 2184 4496 9106 4406 2938 8883 3501 3137 7094 547 5506 5257 5840 1680
22 8932 5491 2784 513 9869 7226 6966 7096 6279 4031 7794 5907 5394 3271 1715 2535 37 8544 3300 8281 420 3337
17 9626 7064 8484 7891 9144 9252 7926 5301 1688 7651 8344 7454 1486 4097 525 8528 2554
20 6724 6843 7435 3575 9996 874 1276 5955 330 531 2385 8324 6946 2809 6907 1785 5157 2494 5524 7509
19 4094 5497 9084 1305 5192 3055 1097 9003 2015 5116 2173 5310 6344 5526 2192 1638 9056 9351 5512
17 1313 8856 7685 1910 3190 9035 4384 6098 1008 7542 9968 255 9397 4093 256 6556 2528
19 477 699 9691 1142 615 3022 1693 2171 8239 9789 6808 1428 4651 5992 243 4963 3844 6827 8201
31 9679 8329 9411 2531 8149 9406 2714 3067 206 6450 4207 2235 4297 832 8191 4021 9737 7342 2979 9195 6283 1168 6593 6416 1197 8109 6391 8755 2595 3902 5456
26 8840 8564 8557 6658 5112 4200 5089 1010 8536 7434 3038 4786 7113 6333 5567 8103 7508 7222 490 7178 1029 6436 3150 534 5728 7753
22 3580 568 6412 7956 3629 187 7861 713 8477 5769 1245 6196 1352 6089 3345 5298 2290 8780 4564 7918 1822 9716
19 3030 2324 9864 5815 8243 5899 1480 5356 5001 5123 8244 7796 3948 4487 1468 6396 9269 8336 748
25 6695 4143 7141 4098 6794 8055 8426 3821 718 640 9712 7912 6805 3669 8300 8560 886 3829 7573 5105 9908 1736 7402 9250 7820
8 7957 606 563 9645 8761 379 4853 6610
12 5406 7911 6485 4387 1192 3767 2978 8931 8165 7917 6490 4719
15 4920 8146 4973 3802 8378 4356 3735 5462 4654 7842 9213 8616 1275 7403 5071
18 9799 2912 5161 1227 658 5808 6884 7355 396 2680 1541 2769 3592 4562 1073 4620 4993 1682
22 1735 3667 696 9852 4455 6410 5816 2470 127 4756 6476 3146 7764 6161 5101 8819 5379 614 3551 2719 8076 2269
17 8271 7687 1803 3394 2315 6674 4921 3570 8289 9029 1832 1926 5320 7839 4517 5950 2862
12 9045 8554 4938 3232 9836 8373 9436 2213 5908 1444 4831 5059
20 5213 5948 8021 9666 3068 9382 8653 9527 1676 6677 6120 6921 9229 5133 678 9163 4912 806 4647 5979
19 117 1978 1724 3276 7320 7357 4635 9944 2605 3795 3114 9171 5344 8719 8017 9998 7781 6522 9533
17 2061 8520 2424 8262 2357 7346 3181 4119 5382 8645 5099 6838 5725 2534 736 3536 3275
24 2006 3865 1054 3833 9681 2919 6597 9054 7754 65 7967 7627 6378 889 7507 8524 8325 8068 2995 7388 3943 6315 9034 8232
28 6228 1815 3697 3005 7230 3329 9320 2455 4863 2825 9134 177 7118 175 8506 2115 5009 9388 3946 8987 6905 1461 4340 2400 6542 171 322 9350
15 5732 2999 7162 993 9975 3974 833 6140 7763 1534 2159 9554 1266 2461 7581
25 5027 8029 3138 3396 2305 1272 7994 4930 7643 4884 9370 1104 7334 272 3450 7194 670 2506 5102 9470 4745 3214 471 8778 4271
25 6044 1637 4583 9920 7631 4826 6454 9341 4063 8996 3314 6909 9859 8843 4074 4899 6578 9780 4632 7583 9086 3920 1696 5416 8375
24 1040 4475 7180 2791 6786 9845 2856 3220 9202 8555 5713 5405 3904 4213 8981 967 2875 1531 8125 6619 8460 3449 5233 2308
27 6767 8630 3294 2079 945 3424 457 2382 2060 3435 1509 3770 4441 8075 2467 1752 4293 2989 3811 2874 2417 2154 2546 77 2237 9865 124
12 4836 9897 4828 5998 9298 7266 2710 3494 2955 6137 9704 7025
10 4637 5649 6132 7457 4227 459 458 524 1368 7909
29 9523 3025 610 4056 7140 7398 6493 4223 4084 8464 8155 9537 6213 6172 8782 715 8214 2122 5372 8928 2841 9368 1317 866 8986 149 7978 6539 5266
17 4502 935 9180 1453 74 4714 76 6406 5464 7009 112 4044 7570 9403 2567 4262 9515
7 375 6160 1883 6150 4848 3739 2591
18 9550 9199 4792 3746 876 1700 4879 6163 5632 9268 3085 4722 3079 2863 8974 5767 2144 3613
24 3281 219 3333 5237 7224 8410 7934 572 7477 5426 711 7984 8413 7370 2048 4824 4533 8140 4997 5956 8141 1035 1375 7681
14 9888 4894 268 3655 1593 5721 933 2663 4913 4070 2034 9358 5072 1277
17 6952 2774 19 9090 7846 5369 5554 326 950 4205 5695 3451 294 4247 4249 5941 2346
31 5860 4307 6961 489 6780 2603 7156 8209 5744 4170 3989 4080 4666 6526 1845 7916 8973 5238 2128 9132 9027 6727 7817 890 8743 6211 6779 4457 274 836 4023
20 5086 961 157 6424 7711 5358 1734 4164 9890 3193 8990 8493 5452 9844 6915 6114 9221 592 8166 859
20 4435 1209 7399 1515 1757 5970 4525 9563 9100 7847 2119 6380 7425 388 8809 5302 7624 4916 4978 868
23 1993 8213 1384 6849 6851 6200 2261 4914 595 9070 1476 5064 8033 1248 1466 9420 484 4106 1308 7819 8270 9489 1452
23 1866 1194 8803 7686 2059 3784 826 7274 1364 7078 3691 3210 586 4343 8004 8067 3392 2325 9877 7800 8526 9488 6918
18 2020 61 3168 1492 8739 3317 5120 8348 3468 7693 2867 8644 8407 8510 2025 7167 6235 8553
10 3156 4377 4379 7657 5693 9619 4601 5934 415 5982
14 4112 6202 5347 2787 6048 5082 3839 5835 987 4472 1800 2332 3221 4471
15 864 6208 6729 646 2044 7315 3896 4046 9720 8760 8326 5092 6581 5384 5478
19 3855 297 2429 8787 1113 8277 2198 9353 6356 5267 1369 1511 3418 6013 6672 382 23 731 5438
26 3988 5381 5402 3918 4693 3170 6741 4665 6245 4953 6346 5576 6237 1412 9641 9566 7197 7516 130 6681 1656 8764 6447 1882 9331 1976
17 3371 8559 8509 5218 3640 8449 5006 3603 9925 6868 793 9826 3977 2024 6187 8304 7969
28 9675 8395 9291 9166 3651 2106 2143 2511 3403 9105 5156 9209 6570 6784 5994 9809 5603 7629 3657 4989 7498 1787 1924 2621 4669 9783 3256 8532
17 3257 2293 9282 8588 6474 6985 7245 3205 3624 7381 5188 2513 2479 3474 8646 8074 2939
17 5304 6633 1228 5990 7677 5771 2056 2409 6580 7746 9249 6184 3201 1753 3235 5705 8048
17 7428 4196 6265 5888 6293 39 1944 1774 9934 6821 9785 4777 9884 2580 9366 4351 7773
22 29 2327 4873 8302 3160 2335 4421 9705 506 9118 8037 2320 1160 2556 7143 6904 7142 6495 7788 4626 2148 480
26 8179 7188 5615 4706 842 3029 9255 3066 9512 2551 9466 691 5861 1220 599 1716 9950 1532 2246 4470 2923 434 9148 1262 441 5850
13 3512 1111 8445 5660 3867 2264 5208 3606 7645 3251 1031 4992 6517
25 9046 8158 8073 6338 5621 3701 6024 1169 514 5702 6268 3986 7894 285 9299 3428 5180 1814 7734 8387 9423 2728 2334 5111 1662
12 6269 9935 7116 2928 2642 989 5477 2731 3493 6618 8687 4796
25 5343 8425 7512 3572 8902 951 4656 2781 3775 5400 9228 6248 7415 9611 6319 5804 6234 6861 4368 9978 8473 3336 6124 7238 5149
13 5598 6900 7186 9402 4648 6951 7580 9251 8603 9724 2636 1420 1626
24 9187 6654 1860 6155 8784 5626 9819 9262 2706 6121 4302 8401 7501 3231 7231 1911 7865 695 4235 8153 6318 4122 4650 2625
17 6916 3555 2008 6607 1773 3104 4815 9757 3319 6825 8118 494 1143 7659 7806 4212 495
24 5245 5393 1489 1588 2690 290 6739 2997 141 4415 7691 9729 4937 938 5959 1810 880 1130 5785 5986 201 855 3387 1446
27 7401 622 8086 1406 9246 3461 9469 5920 8682 922 6216 8167 2673 1256 9481 709 3524 9928 821 1790 7339 8746 9324 2125 3447 7904 7708
28 7119 7293 2233 3758 6307 8309 6220 3583 5228 6896 9263 3531 147 8486 3798 5021 2921 52 819 2137 2945 4543 4312 958 4000 1622 2785 4732
7 6456 5881 3708 137 8339 1612 492
23 3693 7028 9452 5466 481 3717 6903 9135 1968 8272 6902 8505 9264 5451 1045 2374 1603 7689 9534 8935 333 8061 2876
24 5424 5341 3692 7709 5858 6239 6409 5054 9832 1355 3124 7171 2675 9151 5008 425 6882 1947 8416 2229 5353 1337 613 8199
20 580 1794 1170 2942 8435 1625 2782 1500 8042 5453 9158 6359 9031 8820 3751 7006 8383 8649 17 1140
21 2986 4882 2944 3430 1904 7337 7209 7276 120 6630 1660 8266 7770 9089 8562 3846 3293 4290 386 4567 6600
15 7040 4346 4495 4586 1838 7889 7704 5332 3685 4270 7503 542 1979 5329 7809
10 303 3253 5018 2519 2135 7965 8310 8878 6251 1880
12 1833 6965 8290 2147 1508 9872 9761 2480 6491 8257 6367 5903
17 1776 6807 4948 854 8059 6244 7448 6871 9475 5457 6066 81 5824 6178 4114 2191 2851
20 957 3008 8458 8715 7638 839 4020 7628 5584 921 7445 8038 8798 7474 3496 5278 8400 6810 3241 1956
20 4618 1005 9979 6361 2296 1438 7129 2426 6296 4867 284 7787 2799 2927 4595 8412 4966 6062 7633 6544
15 1323 7104 2523 825 3585 1755 8529 7642 4724 1912 8023 5386 8193 4566 9287
20 7952 6694 1784 1372 8459 2711 1363 7572 8637 3840 7492 3778 4355 6657 949 2477 4584 9687 8366 8253
21 1888 5902 8698 1447 7198 3976 9965 5757 8521 4202 1684 6357 2852 7555 6579 5160 377 3621 6930 5219 1855
